<?xml version="1.0" encoding="UTF-8"?>
<!-- Generated by org.testng.reporters.JUnitXMLReporter -->
<testsuite ignored="0" hostname="DESKTOP-K8P4MC5" failures="0" tests="9" name="Test-1" time="0.185" errors="0" timestamp="2024-01-23T15:14:45 IST">
  <testcase classname="practicesTestNG.F" name="m14" time="0.023"/>
  <testcase classname="practicesTestNG.F" name="m13" time="0.023"/>
  <testcase classname="practicesTestNG.F" name="m15" time="0.008"/>
  <testcase classname="practicesTestNG.E" name="m13" time="0.008"/>
  <testcase classname="practicesTestNG.E" name="m14" time="0.006"/>
  <testcase classname="practicesTestNG.E" name="m15" time="0.002"/>
  <testcase classname="practicesTestNG.B" name="m4" time="0.004"/>
  <testcase classname="practicesTestNG.B" name="m5" time="0.009"/>
  <testcase classname="practicesTestNG.B" name="m6" time="0.009"/>
</testsuite> <!-- Test-1 -->
