<?xml version="1.0" encoding="UTF-8"?>
<!-- Generated by org.testng.reporters.JUnitXMLReporter -->
<testsuite ignored="0" hostname="DESKTOP-K8P4MC5" failures="0" tests="9" name="Test-2" time="0.076" errors="0" timestamp="2024-01-23T15:14:45 IST">
  <testcase classname="practicesTestNG.A" name="m1" time="0.004"/>
  <testcase classname="practicesTestNG.A" name="m2" time="0.002"/>
  <testcase classname="practicesTestNG.A" name="m3" time="0.005"/>
  <testcase classname="practicesTestNG.D" name="m11" time="0.004"/>
  <testcase classname="practicesTestNG.D" name="m10" time="0.011"/>
  <testcase classname="practicesTestNG.D" name="m12" time="0.002"/>
  <testcase classname="practicesTestNG.C" name="m7" time="0.005"/>
  <testcase classname="practicesTestNG.C" name="m8" time="0.002"/>
  <testcase classname="practicesTestNG.C" name="m9" time="0.002"/>
</testsuite> <!-- Test-2 -->
