<?xml version="1.0" encoding="UTF-8"?>
<!-- Generated by org.testng.reporters.JUnitReportReporter -->
<testsuite hostname="DESKTOP-K8P4MC5" failures="0" tests="3" name="practicesTestNG.A" time="0.011" errors="0" timestamp="2024-01-23T16:36:47 IST" skipped="0">
  <testcase classname="practicesTestNG.A" name="m1" time="0.001"/>
  <system-out/>
  <testcase classname="practicesTestNG.A" name="m2" time="0.002"/>
  <system-out/>
  <testcase classname="practicesTestNG.A" name="m3" time="0.008"/>
  <system-out/>
</testsuite> <!-- practicesTestNG.A -->
