<?xml version="1.0" encoding="UTF-8"?>
<!-- Generated by org.testng.reporters.JUnitReportReporter -->
<testsuite hostname="DESKTOP-K8P4MC5" failures="0" tests="3" name="practicesTestNG.E" time="0.028" errors="0" timestamp="2024-01-23T16:36:47 IST" skipped="0">
  <testcase classname="practicesTestNG.E" name="m14" time="0.008"/>
  <system-out/>
  <testcase classname="practicesTestNG.E" name="m13" time="0.007"/>
  <system-out/>
  <testcase classname="practicesTestNG.E" name="m15" time="0.013"/>
  <system-out/>
</testsuite> <!-- practicesTestNG.E -->
