<?xml version="1.0" encoding="UTF-8"?>
<!-- Generated by org.testng.reporters.JUnitReportReporter -->
<testsuite hostname="DESKTOP-K8P4MC5" failures="0" tests="2" name="practicesTestNG.Dp_test" time="0.023" errors="0" timestamp="2024-01-18T10:27:38 IST" skipped="1">
  <testcase classname="practicesTestNG.Dp_test" name="test1" time="0.023"/>
  <system-out/>
  <testcase classname="practicesTestNG.Dp_test" name="test">
    <skipped/>
  </testcase> <!-- test -->
  <system-out/>
</testsuite> <!-- practicesTestNG.Dp_test -->
