<?xml version="1.0" encoding="UTF-8"?>
<!-- Generated by org.testng.reporters.JUnitReportReporter -->
<testsuite hostname="DESKTOP-K8P4MC5" failures="0" tests="3" name="practicesTestNG.F" time="0.036" errors="0" timestamp="2024-01-23T16:36:47 IST" skipped="0">
  <testcase classname="practicesTestNG.F" name="m14" time="0.006"/>
  <system-out/>
  <testcase classname="practicesTestNG.F" name="m15" time="0.010"/>
  <system-out/>
  <testcase classname="practicesTestNG.F" name="m13" time="0.020"/>
  <system-out/>
</testsuite> <!-- practicesTestNG.F -->
