<?xml version="1.0" encoding="UTF-8"?>
<!-- Generated by org.testng.reporters.JUnitReportReporter -->
<testsuite hostname="DESKTOP-K8P4MC5" failures="0" tests="1" name="adim.AllStudent_PomClassTest" time="2.272" errors="0" timestamp="2024-01-23T13:32:43 IST" skipped="0">
  <testcase classname="adim.AllStudent_PomClassTest" name="allStudents" time="2.272"/>
  <system-out>
    <![CDATA[allStudentsExecution started
allStudents Executed successfully]]>
  </system-out>
</testsuite> <!-- adim.AllStudent_PomClassTest -->
