<?xml version="1.0" encoding="UTF-8"?>
<!-- Generated by org.testng.reporters.JUnitReportReporter -->
<testsuite hostname="DESKTOP-K8P4MC5" failures="0" tests="3" name="practicesTestNG.D" time="0.010" errors="0" timestamp="2024-01-23T16:36:47 IST" skipped="0">
  <testcase classname="practicesTestNG.D" name="m11" time="0.002"/>
  <system-out/>
  <testcase classname="practicesTestNG.D" name="m10" time="0.007"/>
  <system-out/>
  <testcase classname="practicesTestNG.D" name="m12" time="0.001"/>
  <system-out/>
</testsuite> <!-- practicesTestNG.D -->
