<?xml version="1.0" encoding="UTF-8"?>
<!-- Generated by org.testng.reporters.JUnitReportReporter -->
<testsuite hostname="DESKTOP-K8P4MC5" failures="0" tests="1" name="practicesTestNG.DemoTest" time="0.028" errors="0" timestamp="2024-01-18T10:27:38 IST" skipped="0">
  <testcase classname="practicesTestNG.DemoTest" name="demoTest1" time="0.028"/>
  <system-out/>
</testsuite> <!-- practicesTestNG.DemoTest -->
