<?xml version="1.0" encoding="UTF-8"?>
<!-- Generated by org.testng.reporters.JUnitReportReporter -->
<testsuite hostname="DESKTOP-K8P4MC5" failures="0" tests="1" name="practicesTestNG.AnnotationsTest" time="0.005" errors="0" timestamp="2024-01-19T12:05:36 IST" skipped="0">
  <testcase classname="practicesTestNG.AnnotationsTest" name="testScript" time="0.005"/>
  <system-out/>
</testsuite> <!-- practicesTestNG.AnnotationsTest -->
