<?xml version="1.0" encoding="UTF-8"?>
<!-- Generated by org.testng.reporters.JUnitReportReporter -->
<testsuite hostname="DESKTOP-K8P4MC5" failures="0" tests="1" name="adim.LeaveStudent_PomClassTest" time="2.296" errors="0" timestamp="2024-01-23T13:32:43 IST" skipped="0">
  <testcase classname="adim.LeaveStudent_PomClassTest" name="leaveStudent" time="2.296"/>
  <system-out>
    <![CDATA[leaveStudentExecution started
leaveStudent Executed successfully]]>
  </system-out>
</testsuite> <!-- adim.LeaveStudent_PomClassTest -->
